<?xml version="1.0" encoding="UTF-8"?>
<!-- Generated by org.testng.reporters.JUnitXMLReporter -->
<testsuite ignored="0" hostname="edulab3" failures="0" tests="1" name="Test" time="0.178" errors="0" timestamp="2023-10-31T17:40:20 IST">
  <testcase classname="com.testpage.LoginPage_Test" name="@BeforeMethod SetUp" time="0.112">
    <failure type="java.lang.NoClassDefFoundError" message="dev/failsafe/Policy">
      <![CDATA[java.lang.NoClassDefFoundError: dev/failsafe/Policy
at org.openqa.selenium.remote.http.ClientConfig.<clinit>(ClientConfig.java:32)
at org.openqa.selenium.chrome.ChromeDriver.<init>(ChromeDriver.java:83)
at org.openqa.selenium.chrome.ChromeDriver.<init>(ChromeDriver.java:51)
at com.qa.BasePage.BasePageTest.Initialization(BasePageTest.java:45)
at com.testpage.LoginPage_Test.SetUp(LoginPage_Test.java:25)
at java.base/java.util.ArrayList.forEach(ArrayList.java:1511)
Caused by: java.lang.ClassNotFoundException: dev.failsafe.Policy
at java.base/jdk.internal.loader.BuiltinClassLoader.loadClass(BuiltinClassLoader.java:641)
at java.base/jdk.internal.loader.ClassLoaders$AppClassLoader.loadClass(ClassLoaders.java:188)
at java.base/java.lang.ClassLoader.loadClass(ClassLoader.java:520)
... 37 more
... Removed 31 stack frames]]>
    </failure>
  </testcase> <!-- @BeforeMethod SetUp -->
  <testcase classname="com.testpage.LoginPage_Test" name="LoginPageTestmethod" time="0.0">
    <skipped/>
  </testcase> <!-- LoginPageTestmethod -->
</testsuite> <!-- Test -->
